{
  "0 debug pnpm:scope": {
    "selected": 1
  },
  "1 debug pnpm:package-manifest": {
    "initial": {
      "name": "exo-digit-svelte",
      "version": "0.0.1",
      "type": "module",
      "scripts": {
        "dev": "vite dev",
        "build": "vite build",
        "preview": "vite preview"
      },
      "devDependencies": {
        "@sveltejs/adapter-auto": "^3.0.0",
        "@sveltejs/kit": "^2.0.0",
        "@sveltejs/vite-plugin-svelte": "^4.0.0",
        "svelte": "^5.0.0",
        "vite": "^5.0.3"
      }
    },
    "prefix": "D:\\2025\\jfbxl2025\\github\\exo-digit-svelte\\exo-digit-svelte"
  },
  "2 debug pnpm:context": {
    "currentLockfileExists": false,
    "storeDir": "D:\\.pnpm-store\\v3",
    "virtualStoreDir": "D:\\2025\\jfbxl2025\\github\\exo-digit-svelte\\exo-digit-svelte\\node_modules\\.pnpm"
  },
  "3 debug pnpm:stage": {
    "prefix": "D:\\2025\\jfbxl2025\\github\\exo-digit-svelte\\exo-digit-svelte",
    "stage": "resolution_started"
  },
  "4 debug pnpm:_dependency_resolved": {
    "resolution": "registry.npmjs.org/@sveltejs/adapter-auto/3.3.1",
    "wanted": {
      "dependentId": ".",
      "name": "@sveltejs/adapter-auto",
      "rawSpec": "^3.0.0"
    }
  },
  "5 debug pnpm:progress": {
    "packageId": "registry.npmjs.org/@sveltejs/adapter-auto/3.3.1",
    "requester": "D:\\2025\\jfbxl2025\\github\\exo-digit-svelte\\exo-digit-svelte",
    "status": "resolved"
  },
  "6 debug pnpm:update-check": {
    "currentVersion": "7.1.0",
    "latestVersion": "9.15.4"
  },
  "7 warn pnpm:install-check": {
    "message": "Unsupported engine for registry.npmjs.org/@sveltejs/vite-plugin-svelte/4.0.4: wanted: {\"node\":\"^18.0.0 || ^20.0.0 || >=22\"} (current: {\"node\":\"v14.17.0\",\"pnpm\":\"7.1.0\"})",
    "prefix": "D:\\2025\\jfbxl2025\\github\\exo-digit-svelte\\exo-digit-svelte"
  },
  "8 error pnpm": {
    "code": "ERR_PNPM_UNSUPPORTED_ENGINE",
    "packageId": "registry.npmjs.org/@sveltejs/vite-plugin-svelte/4.0.4",
    "wanted": {
      "node": "^18.0.0 || ^20.0.0 || >=22"
    },
    "current": {
      "node": "v14.17.0",
      "pnpm": "7.1.0"
    },
    "pkgsStack": [],
    "err": {
      "name": "pnpm",
      "message": "Unsupported engine for registry.npmjs.org/@sveltejs/vite-plugin-svelte/4.0.4: wanted: {\"node\":\"^18.0.0 || ^20.0.0 || >=22\"} (current: {\"node\":\"v14.17.0\",\"pnpm\":\"7.1.0\"})",
      "code": "ERR_PNPM_UNSUPPORTED_ENGINE",
      "stack": "pnpm: Unsupported engine for registry.npmjs.org/@sveltejs/vite-plugin-svelte/4.0.4: wanted: {\"node\":\"^18.0.0 || ^20.0.0 || >=22\"} (current: {\"node\":\"v14.17.0\",\"pnpm\":\"7.1.0\"})\n    at checkEngine (C:\\snapshot\\dist\\pnpm.cjs)\n    at checkPackage (C:\\snapshot\\dist\\pnpm.cjs)\n    at packageIsInstallable (C:\\snapshot\\dist\\pnpm.cjs)\n    at resolveAndFetch (C:\\snapshot\\dist\\pnpm.cjs)\n    at processTicksAndRejections (internal/process/task_queues.js:95:5)\n    at async resolveDependency (C:\\snapshot\\dist\\pnpm.cjs)\n    at async resolveDependenciesOfDependency (C:\\snapshot\\dist\\pnpm.cjs)\n    at async Promise.all (index 2)\n    at async resolveDependencies (C:\\snapshot\\dist\\pnpm.cjs)\n    at async C:\\snapshot\\dist\\pnpm.cjs"
    }
  }
}